<?xml version="1.0" encoding="UTF-8"?>
<robot generator="Robot 7.0 (Python 3.12.3 on win32)" generated="2024-06-11T09:50:51.573798" rpa="false" schemaversion="5">
<suite id="s1" name="Alerts" source="C:\Users\af.castillo\PycharmProjects\udemyProject\tests\alerts.robot">
<test id="s1-t1" name="Demo uno" line="12">
<kw name="Open Browser" owner="SeleniumLibrary">
<msg time="2024-06-11T09:50:51.869819" level="INFO">Opening browser 'chrome' to base url 'https://testpages.herokuapp.com/styled/alerts/alert-test.html'.</msg>
<arg>${url}</arg>
<arg>${browser}</arg>
<doc>Opens a new browser instance to the optional ``url``.</doc>
<status status="PASS" start="2024-06-11T09:50:51.868817" elapsed="6.812153"/>
</kw>
<kw name="Maximize Browser Window" owner="SeleniumLibrary">
<doc>Maximizes current browser window.</doc>
<status status="PASS" start="2024-06-11T09:50:58.681968" elapsed="0.028138"/>
</kw>
<kw name="Title Should Be" owner="SeleniumLibrary">
<msg time="2024-06-11T09:50:58.718294" level="INFO">Page title is 'Test Page For JavaScript Alerts'.</msg>
<arg>Test Page For JavaScript Alerts</arg>
<doc>Verifies that the current page title equals ``title``.</doc>
<status status="PASS" start="2024-06-11T09:50:58.710106" elapsed="0.008188"/>
</kw>
<kw name="Set Selenium Implicit Wait" owner="SeleniumLibrary">
<arg>10</arg>
<doc>Sets the implicit wait value used by Selenium.</doc>
<status status="PASS" start="2024-06-11T09:50:58.718294" elapsed="0.002400"/>
</kw>
<kw name="Set Selenium Speed" owner="SeleniumLibrary">
<arg>.8s</arg>
<doc>Sets the delay that is waited after each Selenium command.</doc>
<status status="PASS" start="2024-06-11T09:50:58.720694" elapsed="0.001013"/>
</kw>
<kw name="Wait Until Page Contains" owner="SeleniumLibrary">
<arg>Alert Box Examples</arg>
<doc>Waits until ``text`` appears on the current page.</doc>
<status status="PASS" start="2024-06-11T09:50:58.721707" elapsed="0.817252"/>
</kw>
<kw name="Click Button" owner="SeleniumLibrary">
<msg time="2024-06-11T09:50:59.538959" level="INFO">Clicking button 'id=alertexamples'.</msg>
<arg>id=alertexamples</arg>
<doc>Clicks the button identified by ``locator``.</doc>
<status status="PASS" start="2024-06-11T09:50:59.538959" elapsed="2.467948"/>
</kw>
<kw name="Handle Alert" owner="SeleniumLibrary">
<msg time="2024-06-11T09:51:02.007915" level="INFO">HANDLE::&lt;class 'NoneType'&gt;::None</msg>
<arg>accept</arg>
<doc>Handles the current alert and returns its message.</doc>
<status status="PASS" start="2024-06-11T09:51:02.006907" elapsed="2.408437"/>
</kw>
<kw name="Click Button" owner="SeleniumLibrary">
<msg time="2024-06-11T09:51:04.416738" level="INFO">Clicking button 'id=confirmexample'.</msg>
<arg>id=confirmexample</arg>
<doc>Clicks the button identified by ``locator``.</doc>
<status status="PASS" start="2024-06-11T09:51:04.416738" elapsed="2.467253"/>
</kw>
<kw name="Handle Alert" owner="SeleniumLibrary">
<msg time="2024-06-11T09:51:06.884495" level="INFO">HANDLE::&lt;class 'NoneType'&gt;::None</msg>
<arg>accept</arg>
<doc>Handles the current alert and returns its message.</doc>
<status status="PASS" start="2024-06-11T09:51:06.884495" elapsed="2.408937"/>
</kw>
<kw name="Click Button" owner="SeleniumLibrary">
<msg time="2024-06-11T09:51:09.294525" level="INFO">Clicking button 'id=confirmexample'.</msg>
<arg>id=confirmexample</arg>
<doc>Clicks the button identified by ``locator``.</doc>
<status status="PASS" start="2024-06-11T09:51:09.293432" elapsed="2.461427"/>
</kw>
<kw name="Handle Alert" owner="SeleniumLibrary">
<msg time="2024-06-11T09:51:11.754859" level="INFO">HANDLE::&lt;class 'NoneType'&gt;::None</msg>
<arg>dismiss</arg>
<doc>Handles the current alert and returns its message.</doc>
<status status="PASS" start="2024-06-11T09:51:11.754859" elapsed="2.408154"/>
</kw>
<kw name="Click Button" owner="SeleniumLibrary">
<msg time="2024-06-11T09:51:14.163622" level="INFO">Clicking button 'id=alertexamples'.</msg>
<arg>id=alertexamples</arg>
<doc>Clicks the button identified by ``locator``.</doc>
<status status="PASS" start="2024-06-11T09:51:14.163622" elapsed="2.458160"/>
</kw>
<kw name="Alert Should Be Present" owner="SeleniumLibrary">
<msg time="2024-06-11T09:51:16.622896" level="INFO">HANDLE::&lt;class 'NoneType'&gt;::None</msg>
<arg>I am an alert box!</arg>
<doc>Verifies that an alert is present and by default, accepts it.</doc>
<status status="PASS" start="2024-06-11T09:51:16.621782" elapsed="2.409710"/>
</kw>
<kw name="Close Browser" owner="SeleniumLibrary">
<doc>Closes the current browser.</doc>
<status status="PASS" start="2024-06-11T09:51:19.031492" elapsed="2.943410"/>
</kw>
<doc>Pruebas para alerts</doc>
<tag>test_uno</tag>
<status status="PASS" start="2024-06-11T09:50:51.867862" elapsed="30.108033"/>
</test>
<doc>Demo de las Varibles</doc>
<status status="PASS" start="2024-06-11T09:50:51.575799" elapsed="30.401093"/>
</suite>
<statistics>
<total>
<stat pass="1" fail="0" skip="0">All Tests</stat>
</total>
<tag>
<stat pass="1" fail="0" skip="0">test_uno</stat>
</tag>
<suite>
<stat pass="1" fail="0" skip="0" id="s1" name="Alerts">Alerts</stat>
</suite>
</statistics>
<errors>
</errors>
</robot>
