<?xml version="1.0" encoding="UTF-8"?>
<robot generator="Robot 7.0.1 (Python 3.12.4 on win32)" generated="2024-11-14T16:09:29.752828" rpa="false" schemaversion="5">
<suite id="s1" name="Suites">
<suite id="s1-s1" name="Practicaparalelo2" source="C:\repo\RobotFrameWork\Tests_case3\Practicaparalelo2.robot">
<test id="s1-s1-t1" name="Practica uno" line="12">
<kw name="Open Browser" owner="SeleniumLibrary">
<msg time="2024-11-14T16:09:30.604876" level="INFO">Opening browser 'chrome' to base url 'https://demoqa.com/text-box'.</msg>
<arg>${url}</arg>
<arg>${navegador}</arg>
<doc>Opens a new browser instance to the optional ``url``.</doc>
<status status="PASS" start="2024-11-14T16:09:30.604876" elapsed="99.847246"/>
</kw>
<kw name="Maximize Browser Window" owner="SeleniumLibrary">
<doc>Maximizes current browser window.</doc>
<status status="PASS" start="2024-11-14T16:11:10.453131" elapsed="0.092527"/>
</kw>
<kw name="Sleep" owner="BuiltIn">
<msg time="2024-11-14T16:11:15.548276" level="INFO">Slept 5 seconds.</msg>
<arg>5</arg>
<doc>Pauses the test executed for the given time.</doc>
<status status="PASS" start="2024-11-14T16:11:10.545658" elapsed="5.002618"/>
</kw>
<kw name="Input Text" owner="SeleniumLibrary">
<msg time="2024-11-14T16:11:15.551800" level="INFO">Typing text 'Andres' into text field 'id=userName'.</msg>
<arg>id=userName</arg>
<arg>${nombre}</arg>
<doc>Types the given ``text`` into the text field identified by ``locator``.</doc>
<status status="PASS" start="2024-11-14T16:11:15.548786" elapsed="0.543121"/>
</kw>
<kw name="Input Text" owner="SeleniumLibrary">
<msg time="2024-11-14T16:11:16.093865" level="INFO">Typing text 'andres123@gmail.com' into text field 'id=userEmail'.</msg>
<arg>id=userEmail</arg>
<arg>${email}</arg>
<doc>Types the given ``text`` into the text field identified by ``locator``.</doc>
<status status="PASS" start="2024-11-14T16:11:16.092846" elapsed="0.517927"/>
</kw>
<kw name="Input Text" owner="SeleniumLibrary">
<msg time="2024-11-14T16:11:16.612339" level="INFO">Typing text 'direccion uno' into text field 'id=currentAddress'.</msg>
<arg>id=currentAddress</arg>
<arg>direccion uno</arg>
<doc>Types the given ``text`` into the text field identified by ``locator``.</doc>
<status status="PASS" start="2024-11-14T16:11:16.610773" elapsed="0.344854"/>
</kw>
<kw name="Input Text" owner="SeleniumLibrary">
<msg time="2024-11-14T16:11:16.957666" level="INFO">Typing text 'direccion dos' into text field 'id=permanentAddress'.</msg>
<arg>id=permanentAddress</arg>
<arg>direccion dos</arg>
<doc>Types the given ``text`` into the text field identified by ``locator``.</doc>
<status status="PASS" start="2024-11-14T16:11:16.957139" elapsed="0.479235"/>
</kw>
<kw name="Execute Javascript" owner="SeleniumLibrary">
<msg time="2024-11-14T16:11:17.438386" level="INFO">Executing JavaScript:
window.scrollTo(0,600)
Without any arguments.</msg>
<arg>window.scrollTo(0,600)</arg>
<doc>Executes the given JavaScript code with possible arguments.</doc>
<status status="PASS" start="2024-11-14T16:11:17.436374" elapsed="0.041842"/>
</kw>
<kw name="Sleep" owner="BuiltIn">
<msg time="2024-11-14T16:11:20.479353" level="INFO">Slept 3 seconds.</msg>
<arg>3</arg>
<doc>Pauses the test executed for the given time.</doc>
<status status="PASS" start="2024-11-14T16:11:17.478216" elapsed="3.001137"/>
</kw>
<kw name="Click Button" owner="SeleniumLibrary">
<msg time="2024-11-14T16:11:20.480367" level="INFO">Clicking button 'id=submit'.</msg>
<arg>id=submit</arg>
<doc>Clicks the button identified by ``locator``.</doc>
<status status="PASS" start="2024-11-14T16:11:20.479353" elapsed="0.710931"/>
</kw>
<kw name="Sleep" owner="BuiltIn">
<msg time="2024-11-14T16:11:26.192063" level="INFO">Slept 5 seconds.</msg>
<arg>5</arg>
<doc>Pauses the test executed for the given time.</doc>
<status status="PASS" start="2024-11-14T16:11:21.190284" elapsed="5.002292"/>
</kw>
<kw name="Close Browser" owner="SeleniumLibrary">
<doc>Closes the current browser.</doc>
<status status="PASS" start="2024-11-14T16:11:26.192576" elapsed="7.228437"/>
</kw>
<doc>primera prueba del sistema</doc>
<tag>test_uno</tag>
<status status="PASS" start="2024-11-14T16:09:30.603878" elapsed="122.818134"/>
</test>
<doc>Proyecto de pruebas robotframework</doc>
<status status="PASS" start="2024-11-14T16:09:29.844984" elapsed="123.578547"/>
</suite>
<status status="PASS" start="2024-11-14T16:09:29.826976" elapsed="123.597555"/>
</suite>
<statistics>
<total>
<stat pass="1" fail="0" skip="0">All Tests</stat>
</total>
<tag>
<stat pass="1" fail="0" skip="0">test_uno</stat>
</tag>
<suite>
<stat pass="1" fail="0" skip="0" id="s1" name="Suites">Suites</stat>
<stat pass="1" fail="0" skip="0" id="s1-s1" name="Practicaparalelo2">Suites.Practicaparalelo2</stat>
</suite>
</statistics>
<errors>
</errors>
</robot>
