<?xml version="1.0" encoding="UTF-8"?>
<robot generator="Robot 7.0.1 (Python 3.12.4 on win32)" generated="2024-11-19T22:23:04.209120" rpa="false" schemaversion="5">
<suite id="s1" name="Api test" source="C:\repo\RobotFrameWork\Api_tests\Api_test.robot">
<test id="s1-t1" name="Api ELIMINAR un registro (DELETE)" line="99">
<kw name="Create Session" owner="RequestsLibrary">
<msg time="2024-11-19T22:23:05.334385" level="INFO">Creating Session using : alias=pagina_api, url=https://reqres.in/, headers={},                     cookies={}, auth=None, timeout=None, proxies=None, verify=False,                     debug=0 </msg>
<arg>pagina_api</arg>
<arg>${base}</arg>
<doc>Create Session: create a HTTP session to a server</doc>
<status status="PASS" start="2024-11-19T22:23:05.334385" elapsed="0.000000"/>
</kw>
<kw name="Delete Request" owner="RequestsLibrary">
<msg time="2024-11-19T22:23:05.335292" level="WARN">Keyword 'RequestsLibrary.Delete Request' is deprecated. Please use `DELETE On Session` instead.</msg>
<msg time="2024-11-19T22:23:05.827004" level="INFO">DELETE Request : url=https://reqres.in/api/users/4 
 path_url=/api/users/4 
 headers={'User-Agent': 'python-requests/2.32.3', 'Accept-Encoding': 'gzip, deflate', 'Accept': '*/*', 'Connection': 'keep-alive', 'Content-Length': '0'} 
 body=None 
 </msg>
<msg time="2024-11-19T22:23:05.827004" level="INFO">DELETE Response : url=https://reqres.in/api/users/4 
 status=204, reason=No Content 
 headers={'Date': 'Wed, 20 Nov 2024 03:23:04 GMT', 'Content-Length': '0', 'Connection': 'keep-alive', 'Report-To': '{"group":"heroku-nel","max_age":3600,"endpoints":[{"url":"https://nel.heroku.com/reports?ts=1732072984&amp;sid=c4c9725f-1ab0-44d8-820f-430df2718e11&amp;s=FLeJt4BoP3QLNomapcWUf6PDJUJYOG8tvmG1txBE8M0%3D"}]}', 'Reporting-Endpoints': 'heroku-nel=https://nel.heroku.com/reports?ts=1732072984&amp;sid=c4c9725f-1ab0-44d8-820f-430df2718e11&amp;s=FLeJt4BoP3QLNomapcWUf6PDJUJYOG8tvmG1txBE8M0%3D', 'Nel': '{"report_to":"heroku-nel","max_age":3600,"success_fraction":0.005,"failure_fraction":0.05,"response_headers":["Via"]}', 'X-Powered-By': 'Express', 'Access-Control-Allow-Origin': '*', 'Etag': 'W/"2-vyGp6PvFo4RvsFtPoIWeCReyIC8"', 'Via': '1.1 vegur', 'CF-Cache-Status': 'DYNAMIC', 'Server': 'cloudflare', 'CF-RAY': '8e5551ba49ba8dfa-MIA', 'server-timing': 'cfL4;desc="?proto=TCP&amp;rtt=63489&amp;sent=5&amp;recv=6&amp;lost=0&amp;retrans=0&amp;sent_bytes=2835&amp;recv_bytes=792&amp;delivery_rate=69980&amp;cwnd=252&amp;unsent_bytes=0&amp;cid=a5b733dce06367a4&amp;ts=285&amp;x=0"'} 
 body=None 
 </msg>
<msg time="2024-11-19T22:23:05.827004" level="INFO">C:\Users\af.castillo\AppData\Roaming\Python\Python312\site-packages\urllib3\connectionpool.py:1099: InsecureRequestWarning: Unverified HTTPS request is being made to host 'reqres.in'. Adding certificate verification is strongly advised. See: https://urllib3.readthedocs.io/en/latest/advanced-usage.html#tls-warnings
  warnings.warn(</msg>
<msg time="2024-11-19T22:23:05.827998" level="INFO">${response} = &lt;Response [204]&gt;</msg>
<var>${response}</var>
<arg>pagina_api</arg>
<arg>api/users/4</arg>
<doc>*DEPRECATED* Please use `DELETE On Session` instead.</doc>
<status status="PASS" start="2024-11-19T22:23:05.335292" elapsed="0.492706"/>
</kw>
<kw name="Log To Console" owner="BuiltIn">
<arg>${response.status_code}</arg>
<doc>Logs the given message to the console.</doc>
<status status="PASS" start="2024-11-19T22:23:05.829995" elapsed="0.001990"/>
</kw>
<kw name="Convert To String" owner="BuiltIn">
<msg time="2024-11-19T22:23:05.833994" level="INFO">${status} = 204</msg>
<var>${status}</var>
<arg>${response.status_code}</arg>
<doc>Converts the given item to a Unicode string.</doc>
<status status="PASS" start="2024-11-19T22:23:05.832997" elapsed="0.000997"/>
</kw>
<kw name="Should Be Equal" owner="BuiltIn">
<arg>${status}</arg>
<arg>204</arg>
<doc>Fails if the given objects are unequal.</doc>
<status status="PASS" start="2024-11-19T22:23:05.834995" elapsed="0.000996"/>
</kw>
<doc>Pruebas Api Rest DELETE</doc>
<tag>test_delete</tag>
<status status="PASS" start="2024-11-19T22:23:05.333286" elapsed="0.503708"/>
</test>
<doc>Api Rest</doc>
<status status="PASS" start="2024-11-19T22:23:04.213128" elapsed="1.626867"/>
</suite>
<statistics>
<total>
<stat pass="1" fail="0" skip="0">All Tests</stat>
</total>
<tag>
<stat pass="1" fail="0" skip="0">test_delete</stat>
</tag>
<suite>
<stat pass="1" fail="0" skip="0" id="s1" name="Api test">Api test</stat>
</suite>
</statistics>
<errors>
<msg time="2024-11-19T22:23:05.335292" level="WARN">Keyword 'RequestsLibrary.Delete Request' is deprecated. Please use `DELETE On Session` instead.</msg>
</errors>
</robot>
