<?xml version="1.0" encoding="UTF-8"?>
<robot generator="Robot 7.0.1 (Python 3.12.4 on win32)" generated="2024-11-12T22:17:06.084884" rpa="false" schemaversion="5">
<suite id="s1" name="Database2" source="C:\repo\RobotFrameWork\Tests_case2\Database2.robot">
<kw name="Connect To Database" owner="DatabaseLibrary" type="SETUP">
<msg time="2024-11-12T22:17:06.864719" level="INFO">Looking for configuration file: 'resources\db.cfg'</msg>
<msg time="2024-11-12T22:17:06.864719" level="INFO">Configuration file doesn't exist</msg>
<msg time="2024-11-12T22:17:06.903737" level="INFO">Connect to DB using : pymysql.connect(db='sistema_dos', user='aaron', passwd=***, host='127.0.0.1', port=3307, charset='utf8mb4')</msg>
<arg>pymysql</arg>
<arg>${dbname}</arg>
<arg>${dbuser}</arg>
<arg>${dbpass}</arg>
<arg>${dbhost}</arg>
<arg>${dbport}</arg>
<doc>Creates a database connection using the DB API 2.0 ``db_module`` and the parameters provided.
Along with listed commonly used arguments (`db_name`, `db_host` etc.)
you can set any other DB module specific parameters as key/value pairs.</doc>
<status status="PASS" start="2024-11-12T22:17:06.864719" elapsed="0.046019"/>
</kw>
<test id="s1-t1" name="Base crear tabla" line="26">
<kw name="Execute Sql String" owner="DatabaseLibrary">
<msg time="2024-11-12T22:17:06.911736" level="INFO" html="true">Executing sql:&lt;br&gt;&lt;code style="font-weight: bold;"&gt;CREATE TABLE `personas3` (`id` int(11) NOT NULL,`name` varchar(40) NOT NULL,`ap` varchar(40) NOT NULL);&lt;/code&gt;</msg>
<msg time="2024-11-12T22:17:06.924739" level="INFO">${crear} = None</msg>
<var>${crear}</var>
<arg>CREATE TABLE `personas3` (`id` int(11) NOT NULL,`name` varchar(40) NOT NULL,`ap` varchar(40) NOT NULL);</arg>
<doc>Executes the ``sql_string`` as a single SQL command.</doc>
<status status="PASS" start="2024-11-12T22:17:06.911736" elapsed="0.013003"/>
</kw>
<kw name="Log To Console" owner="BuiltIn">
<arg>${crear}</arg>
<doc>Logs the given message to the console.</doc>
<status status="PASS" start="2024-11-12T22:17:06.924739" elapsed="0.001102"/>
</kw>
<kw name="Should Be Equal As Strings" owner="BuiltIn">
<msg time="2024-11-12T22:17:06.925841" level="INFO">Argument types are:
&lt;class 'NoneType'&gt;
&lt;class 'str'&gt;</msg>
<arg>${crear}</arg>
<arg>None</arg>
<doc>Fails if objects are unequal after converting them to strings.</doc>
<status status="PASS" start="2024-11-12T22:17:06.925841" elapsed="0.000000"/>
</kw>
<doc>crear una nueva tabla en nuestro sistema</doc>
<tag>test_crear_tabla</tag>
<status status="PASS" start="2024-11-12T22:17:06.910738" elapsed="0.016092"/>
</test>
<kw name="Disconnect From Database" owner="DatabaseLibrary" type="TEARDOWN">
<doc>Disconnects from the database.</doc>
<status status="PASS" start="2024-11-12T22:17:06.927740" elapsed="0.000000"/>
</kw>
<doc>Practica Bases de Datos Mysql</doc>
<status status="PASS" start="2024-11-12T22:17:06.091882" elapsed="0.835858"/>
</suite>
<statistics>
<total>
<stat pass="1" fail="0" skip="0">All Tests</stat>
</total>
<tag>
<stat pass="1" fail="0" skip="0">test_crear_tabla</stat>
</tag>
<suite>
<stat pass="1" fail="0" skip="0" id="s1" name="Database2">Database2</stat>
</suite>
</statistics>
<errors>
</errors>
</robot>
