<?xml version="1.0" encoding="UTF-8"?>
<robot generator="Robot 7.0 (Python 3.12.3 on win32)" generated="2024-06-05T16:38:26.468504" rpa="false" schemaversion="5">
<suite id="s1" name="Test uno" source="C:\Users\af.castillo\PycharmProjects\udemyProject\Tests\Test_uno.robot">
<test id="s1-t1" name="Mi primer test" line="7">
<kw name="Open Browser" owner="SeleniumLibrary">
<msg time="2024-06-05T16:38:28.049193" level="INFO">Opening browser 'chrome' to base url 'https://demoqa.com/text-box'.</msg>
<arg>https://demoqa.com/text-box</arg>
<arg>chrome</arg>
<doc>Opens a new browser instance to the optional ``url``.</doc>
<status status="PASS" start="2024-06-05T16:38:28.049193" elapsed="21.515101"/>
</kw>
<kw name="Maximize Browser Window" owner="SeleniumLibrary">
<doc>Maximizes current browser window.</doc>
<status status="PASS" start="2024-06-05T16:38:49.565293" elapsed="0.057902"/>
</kw>
<kw name="Sleep" owner="BuiltIn">
<msg time="2024-06-05T16:38:54.624661" level="INFO">Slept 5 seconds.</msg>
<arg>5</arg>
<doc>Pauses the test executed for the given time.</doc>
<status status="PASS" start="2024-06-05T16:38:49.624194" elapsed="5.000467"/>
</kw>
<kw name="Close Browser" owner="SeleniumLibrary">
<doc>Closes the current browser.</doc>
<status status="PASS" start="2024-06-05T16:38:54.625607" elapsed="3.665031"/>
</kw>
<status status="PASS" start="2024-06-05T16:38:28.047639" elapsed="30.243996"/>
</test>
<status status="PASS" start="2024-06-05T16:38:26.472504" elapsed="31.823138"/>
</suite>
<statistics>
<total>
<stat pass="1" fail="0" skip="0">All Tests</stat>
</total>
<tag>
</tag>
<suite>
<stat pass="1" fail="0" skip="0" id="s1" name="Test uno">Test uno</stat>
</suite>
</statistics>
<errors>
</errors>
</robot>
