<?xml version="1.0" encoding="UTF-8"?>
<robot generator="Rebot 7.0.1 (Python 3.12.4 on win32)" generated="2024-11-14T16:11:41.662328" rpa="false" schemaversion="5">
<suite id="s1" name="Suites">
<suite id="s1-s1" name="Practicaparalelo1" source="C:\repo\RobotFrameWork\Tests_case3\Practicaparalelo1.robot">
<test id="s1-s1-t1" name="Practica uno" line="12">
<kw name="Open Browser" owner="SeleniumLibrary">
<msg time="2024-11-14T16:09:30.585359" level="INFO">Opening browser 'chrome' to base url 'https://demoqa.com/text-box'.</msg>
<arg>${url}</arg>
<arg>${navegador}</arg>
<doc>Opens a new browser instance to the optional ``url``.</doc>
<status status="PASS" start="2024-11-14T16:09:30.585359" elapsed="107.393989"/>
</kw>
<kw name="Maximize Browser Window" owner="SeleniumLibrary">
<doc>Maximizes current browser window.</doc>
<status status="PASS" start="2024-11-14T16:11:17.979876" elapsed="0.298177"/>
</kw>
<kw name="Sleep" owner="BuiltIn">
<msg time="2024-11-14T16:11:23.279873" level="INFO">Slept 5 seconds.</msg>
<arg>5</arg>
<doc>Pauses the test executed for the given time.</doc>
<status status="PASS" start="2024-11-14T16:11:18.278053" elapsed="5.002331"/>
</kw>
<kw name="Input Text" owner="SeleniumLibrary">
<msg time="2024-11-14T16:11:23.284928" level="INFO">Typing text 'Andres' into text field 'id=userName'.</msg>
<arg>id=userName</arg>
<arg>${nombre}</arg>
<doc>Types the given ``text`` into the text field identified by ``locator``.</doc>
<status status="PASS" start="2024-11-14T16:11:23.280384" elapsed="0.781685"/>
</kw>
<kw name="Input Text" owner="SeleniumLibrary">
<msg time="2024-11-14T16:11:24.065838" level="INFO">Typing text 'andres123@gmail.com' into text field 'id=userEmail'.</msg>
<arg>id=userEmail</arg>
<arg>${email}</arg>
<doc>Types the given ``text`` into the text field identified by ``locator``.</doc>
<status status="PASS" start="2024-11-14T16:11:24.063314" elapsed="0.531621"/>
</kw>
<kw name="Input Text" owner="SeleniumLibrary">
<msg time="2024-11-14T16:11:24.595947" level="INFO">Typing text 'direccion uno' into text field 'id=currentAddress'.</msg>
<arg>id=currentAddress</arg>
<arg>direccion uno</arg>
<doc>Types the given ``text`` into the text field identified by ``locator``.</doc>
<status status="PASS" start="2024-11-14T16:11:24.594935" elapsed="0.479635"/>
</kw>
<kw name="Input Text" owner="SeleniumLibrary">
<msg time="2024-11-14T16:11:25.075812" level="INFO">Typing text 'direccion dos' into text field 'id=permanentAddress'.</msg>
<arg>id=permanentAddress</arg>
<arg>direccion dos</arg>
<doc>Types the given ``text`` into the text field identified by ``locator``.</doc>
<status status="PASS" start="2024-11-14T16:11:25.074570" elapsed="0.419034"/>
</kw>
<kw name="Execute Javascript" owner="SeleniumLibrary">
<msg time="2024-11-14T16:11:25.496617" level="INFO">Executing JavaScript:
window.scrollTo(0,600)
Without any arguments.</msg>
<arg>window.scrollTo(0,600)</arg>
<doc>Executes the given JavaScript code with possible arguments.</doc>
<status status="PASS" start="2024-11-14T16:11:25.494606" elapsed="0.029938"/>
</kw>
<kw name="Sleep" owner="BuiltIn">
<msg time="2024-11-14T16:11:28.527136" level="INFO">Slept 3 seconds.</msg>
<arg>3</arg>
<doc>Pauses the test executed for the given time.</doc>
<status status="PASS" start="2024-11-14T16:11:25.525922" elapsed="3.001214"/>
</kw>
<kw name="Click Button" owner="SeleniumLibrary">
<msg time="2024-11-14T16:11:28.528147" level="INFO">Clicking button 'id=submit'.</msg>
<arg>id=submit</arg>
<doc>Clicks the button identified by ``locator``.</doc>
<status status="PASS" start="2024-11-14T16:11:28.527136" elapsed="0.533180"/>
</kw>
<kw name="Sleep" owner="BuiltIn">
<msg time="2024-11-14T16:11:34.060777" level="INFO">Slept 5 seconds.</msg>
<arg>5</arg>
<doc>Pauses the test executed for the given time.</doc>
<status status="PASS" start="2024-11-14T16:11:29.060316" elapsed="5.000461"/>
</kw>
<kw name="Close Browser" owner="SeleniumLibrary">
<doc>Closes the current browser.</doc>
<status status="PASS" start="2024-11-14T16:11:34.060777" elapsed="3.111121"/>
</kw>
<doc>primera prueba del sistema</doc>
<tag>test_uno</tag>
<status status="PASS" start="2024-11-14T16:09:30.584360" elapsed="126.587538"/>
</test>
<doc>Proyecto de pruebas robotframework</doc>
<status status="PASS" start="2024-11-14T16:09:29.839000" elapsed="127.332934"/>
</suite>
<suite id="s1-s2" name="Practicaparalelo2" source="C:\repo\RobotFrameWork\Tests_case3\Practicaparalelo2.robot">
<test id="s1-s2-t1" name="Practica uno" line="12">
<kw name="Open Browser" owner="SeleniumLibrary">
<msg time="2024-11-14T16:09:30.604876" level="INFO">Opening browser 'chrome' to base url 'https://demoqa.com/text-box'.</msg>
<arg>${url}</arg>
<arg>${navegador}</arg>
<doc>Opens a new browser instance to the optional ``url``.</doc>
<status status="PASS" start="2024-11-14T16:09:30.604876" elapsed="99.847246"/>
</kw>
<kw name="Maximize Browser Window" owner="SeleniumLibrary">
<doc>Maximizes current browser window.</doc>
<status status="PASS" start="2024-11-14T16:11:10.453131" elapsed="0.092527"/>
</kw>
<kw name="Sleep" owner="BuiltIn">
<msg time="2024-11-14T16:11:15.548276" level="INFO">Slept 5 seconds.</msg>
<arg>5</arg>
<doc>Pauses the test executed for the given time.</doc>
<status status="PASS" start="2024-11-14T16:11:10.545658" elapsed="5.002618"/>
</kw>
<kw name="Input Text" owner="SeleniumLibrary">
<msg time="2024-11-14T16:11:15.551800" level="INFO">Typing text 'Andres' into text field 'id=userName'.</msg>
<arg>id=userName</arg>
<arg>${nombre}</arg>
<doc>Types the given ``text`` into the text field identified by ``locator``.</doc>
<status status="PASS" start="2024-11-14T16:11:15.548786" elapsed="0.543121"/>
</kw>
<kw name="Input Text" owner="SeleniumLibrary">
<msg time="2024-11-14T16:11:16.093865" level="INFO">Typing text 'andres123@gmail.com' into text field 'id=userEmail'.</msg>
<arg>id=userEmail</arg>
<arg>${email}</arg>
<doc>Types the given ``text`` into the text field identified by ``locator``.</doc>
<status status="PASS" start="2024-11-14T16:11:16.092846" elapsed="0.517927"/>
</kw>
<kw name="Input Text" owner="SeleniumLibrary">
<msg time="2024-11-14T16:11:16.612339" level="INFO">Typing text 'direccion uno' into text field 'id=currentAddress'.</msg>
<arg>id=currentAddress</arg>
<arg>direccion uno</arg>
<doc>Types the given ``text`` into the text field identified by ``locator``.</doc>
<status status="PASS" start="2024-11-14T16:11:16.610773" elapsed="0.344854"/>
</kw>
<kw name="Input Text" owner="SeleniumLibrary">
<msg time="2024-11-14T16:11:16.957666" level="INFO">Typing text 'direccion dos' into text field 'id=permanentAddress'.</msg>
<arg>id=permanentAddress</arg>
<arg>direccion dos</arg>
<doc>Types the given ``text`` into the text field identified by ``locator``.</doc>
<status status="PASS" start="2024-11-14T16:11:16.957139" elapsed="0.479235"/>
</kw>
<kw name="Execute Javascript" owner="SeleniumLibrary">
<msg time="2024-11-14T16:11:17.438386" level="INFO">Executing JavaScript:
window.scrollTo(0,600)
Without any arguments.</msg>
<arg>window.scrollTo(0,600)</arg>
<doc>Executes the given JavaScript code with possible arguments.</doc>
<status status="PASS" start="2024-11-14T16:11:17.436374" elapsed="0.041842"/>
</kw>
<kw name="Sleep" owner="BuiltIn">
<msg time="2024-11-14T16:11:20.479353" level="INFO">Slept 3 seconds.</msg>
<arg>3</arg>
<doc>Pauses the test executed for the given time.</doc>
<status status="PASS" start="2024-11-14T16:11:17.478216" elapsed="3.001137"/>
</kw>
<kw name="Click Button" owner="SeleniumLibrary">
<msg time="2024-11-14T16:11:20.480367" level="INFO">Clicking button 'id=submit'.</msg>
<arg>id=submit</arg>
<doc>Clicks the button identified by ``locator``.</doc>
<status status="PASS" start="2024-11-14T16:11:20.479353" elapsed="0.710931"/>
</kw>
<kw name="Sleep" owner="BuiltIn">
<msg time="2024-11-14T16:11:26.192063" level="INFO">Slept 5 seconds.</msg>
<arg>5</arg>
<doc>Pauses the test executed for the given time.</doc>
<status status="PASS" start="2024-11-14T16:11:21.190284" elapsed="5.002292"/>
</kw>
<kw name="Close Browser" owner="SeleniumLibrary">
<doc>Closes the current browser.</doc>
<status status="PASS" start="2024-11-14T16:11:26.192576" elapsed="7.228437"/>
</kw>
<doc>primera prueba del sistema</doc>
<tag>test_uno</tag>
<status status="PASS" start="2024-11-14T16:09:30.603878" elapsed="122.818134"/>
</test>
<doc>Proyecto de pruebas robotframework</doc>
<status status="PASS" start="2024-11-14T16:09:29.844984" elapsed="123.578547"/>
</suite>
<suite id="s1-s3" name="Practicaparalelo3" source="C:\repo\RobotFrameWork\Tests_case3\Practicaparalelo3.robot">
<test id="s1-s3-t1" name="Practica uno" line="12">
<kw name="Open Browser" owner="SeleniumLibrary">
<msg time="2024-11-14T16:09:30.648334" level="INFO">Opening browser 'chrome' to base url 'https://demoqa.com/text-box'.</msg>
<arg>${url}</arg>
<arg>${navegador}</arg>
<doc>Opens a new browser instance to the optional ``url``.</doc>
<status status="PASS" start="2024-11-14T16:09:30.647323" elapsed="95.643257"/>
</kw>
<kw name="Maximize Browser Window" owner="SeleniumLibrary">
<doc>Maximizes current browser window.</doc>
<status status="PASS" start="2024-11-14T16:11:06.290580" elapsed="0.198781"/>
</kw>
<kw name="Sleep" owner="BuiltIn">
<msg time="2024-11-14T16:11:11.490825" level="INFO">Slept 5 seconds.</msg>
<arg>5</arg>
<doc>Pauses the test executed for the given time.</doc>
<status status="PASS" start="2024-11-14T16:11:06.489361" elapsed="5.001464"/>
</kw>
<kw name="Input Text" owner="SeleniumLibrary">
<msg time="2024-11-14T16:11:11.499369" level="INFO">Typing text 'Andres' into text field 'id=userName'.</msg>
<arg>id=userName</arg>
<arg>${nombre}</arg>
<doc>Types the given ``text`` into the text field identified by ``locator``.</doc>
<status status="PASS" start="2024-11-14T16:11:11.490825" elapsed="1.605140"/>
</kw>
<kw name="Input Text" owner="SeleniumLibrary">
<msg time="2024-11-14T16:11:13.097978" level="INFO">Typing text 'andres123@gmail.com' into text field 'id=userEmail'.</msg>
<arg>id=userEmail</arg>
<arg>${email}</arg>
<doc>Types the given ``text`` into the text field identified by ``locator``.</doc>
<status status="PASS" start="2024-11-14T16:11:13.095965" elapsed="0.561496"/>
</kw>
<kw name="Input Text" owner="SeleniumLibrary">
<msg time="2024-11-14T16:11:13.659481" level="INFO">Typing text 'direccion uno' into text field 'id=currentAddress'.</msg>
<arg>id=currentAddress</arg>
<arg>direccion uno</arg>
<doc>Types the given ``text`` into the text field identified by ``locator``.</doc>
<status status="PASS" start="2024-11-14T16:11:13.658478" elapsed="0.348283"/>
</kw>
<kw name="Input Text" owner="SeleniumLibrary">
<msg time="2024-11-14T16:11:14.008761" level="INFO">Typing text 'direccion dos' into text field 'id=permanentAddress'.</msg>
<arg>id=permanentAddress</arg>
<arg>direccion dos</arg>
<doc>Types the given ``text`` into the text field identified by ``locator``.</doc>
<status status="PASS" start="2024-11-14T16:11:14.007761" elapsed="0.246407"/>
</kw>
<kw name="Execute Javascript" owner="SeleniumLibrary">
<msg time="2024-11-14T16:11:14.256291" level="INFO">Executing JavaScript:
window.scrollTo(0,600)
Without any arguments.</msg>
<arg>window.scrollTo(0,600)</arg>
<doc>Executes the given JavaScript code with possible arguments.</doc>
<status status="PASS" start="2024-11-14T16:11:14.254168" elapsed="0.052311"/>
</kw>
<kw name="Sleep" owner="BuiltIn">
<msg time="2024-11-14T16:11:17.308659" level="INFO">Slept 3 seconds.</msg>
<arg>3</arg>
<doc>Pauses the test executed for the given time.</doc>
<status status="PASS" start="2024-11-14T16:11:14.306479" elapsed="3.002180"/>
</kw>
<kw name="Click Button" owner="SeleniumLibrary">
<msg time="2024-11-14T16:11:17.309401" level="INFO">Clicking button 'id=submit'.</msg>
<arg>id=submit</arg>
<doc>Clicks the button identified by ``locator``.</doc>
<status status="PASS" start="2024-11-14T16:11:17.309401" elapsed="0.585083"/>
</kw>
<kw name="Sleep" owner="BuiltIn">
<msg time="2024-11-14T16:11:22.896330" level="INFO">Slept 5 seconds.</msg>
<arg>5</arg>
<doc>Pauses the test executed for the given time.</doc>
<status status="PASS" start="2024-11-14T16:11:17.894484" elapsed="5.001846"/>
</kw>
<kw name="Close Browser" owner="SeleniumLibrary">
<doc>Closes the current browser.</doc>
<status status="PASS" start="2024-11-14T16:11:22.896330" elapsed="10.620511"/>
</kw>
<doc>primera prueba del sistema</doc>
<tag>test_uno</tag>
<status status="PASS" start="2024-11-14T16:09:30.645813" elapsed="122.871028"/>
</test>
<doc>Proyecto de pruebas robotframework</doc>
<status status="PASS" start="2024-11-14T16:09:29.924833" elapsed="123.593021"/>
</suite>
<suite id="s1-s4" name="Practicaparalelo4" source="C:\repo\RobotFrameWork\Tests_case3\Practicaparalelo4.robot">
<test id="s1-s4-t1" name="Practica uno" line="12">
<kw name="Open Browser" owner="SeleniumLibrary">
<msg time="2024-11-14T16:09:30.671014" level="INFO">Opening browser 'chrome' to base url 'https://demoqa.com/text-box'.</msg>
<arg>${url}</arg>
<arg>${navegador}</arg>
<doc>Opens a new browser instance to the optional ``url``.</doc>
<status status="PASS" start="2024-11-14T16:09:30.670034" elapsed="95.267393"/>
</kw>
<kw name="Maximize Browser Window" owner="SeleniumLibrary">
<doc>Maximizes current browser window.</doc>
<status status="PASS" start="2024-11-14T16:11:05.937427" elapsed="0.189742"/>
</kw>
<kw name="Sleep" owner="BuiltIn">
<msg time="2024-11-14T16:11:11.128299" level="INFO">Slept 5 seconds.</msg>
<arg>5</arg>
<doc>Pauses the test executed for the given time.</doc>
<status status="PASS" start="2024-11-14T16:11:06.127169" elapsed="5.001130"/>
</kw>
<kw name="Input Text" owner="SeleniumLibrary">
<msg time="2024-11-14T16:11:11.136424" level="INFO">Typing text 'Andres' into text field 'id=userName'.</msg>
<arg>id=userName</arg>
<arg>${nombre}</arg>
<doc>Types the given ``text`` into the text field identified by ``locator``.</doc>
<status status="PASS" start="2024-11-14T16:11:11.128299" elapsed="1.193698"/>
</kw>
<kw name="Input Text" owner="SeleniumLibrary">
<msg time="2024-11-14T16:11:12.323014" level="INFO">Typing text 'andres123@gmail.com' into text field 'id=userEmail'.</msg>
<arg>id=userEmail</arg>
<arg>${email}</arg>
<doc>Types the given ``text`` into the text field identified by ``locator``.</doc>
<status status="PASS" start="2024-11-14T16:11:12.321997" elapsed="0.489790"/>
</kw>
<kw name="Input Text" owner="SeleniumLibrary">
<msg time="2024-11-14T16:11:12.814311" level="INFO">Typing text 'direccion uno' into text field 'id=currentAddress'.</msg>
<arg>id=currentAddress</arg>
<arg>direccion uno</arg>
<doc>Types the given ``text`` into the text field identified by ``locator``.</doc>
<status status="PASS" start="2024-11-14T16:11:12.812297" elapsed="0.698341"/>
</kw>
<kw name="Input Text" owner="SeleniumLibrary">
<msg time="2024-11-14T16:11:13.513685" level="INFO">Typing text 'direccion dos' into text field 'id=permanentAddress'.</msg>
<arg>id=permanentAddress</arg>
<arg>direccion dos</arg>
<doc>Types the given ``text`` into the text field identified by ``locator``.</doc>
<status status="PASS" start="2024-11-14T16:11:13.512148" elapsed="0.394593"/>
</kw>
<kw name="Execute Javascript" owner="SeleniumLibrary">
<msg time="2024-11-14T16:11:13.909788" level="INFO">Executing JavaScript:
window.scrollTo(0,600)
Without any arguments.</msg>
<arg>window.scrollTo(0,600)</arg>
<doc>Executes the given JavaScript code with possible arguments.</doc>
<status status="PASS" start="2024-11-14T16:11:13.906741" elapsed="0.033274"/>
</kw>
<kw name="Sleep" owner="BuiltIn">
<msg time="2024-11-14T16:11:16.941601" level="INFO">Slept 3 seconds.</msg>
<arg>3</arg>
<doc>Pauses the test executed for the given time.</doc>
<status status="PASS" start="2024-11-14T16:11:13.941373" elapsed="3.000737"/>
</kw>
<kw name="Click Button" owner="SeleniumLibrary">
<msg time="2024-11-14T16:11:16.944121" level="INFO">Clicking button 'id=submit'.</msg>
<arg>id=submit</arg>
<doc>Clicks the button identified by ``locator``.</doc>
<status status="PASS" start="2024-11-14T16:11:16.942110" elapsed="0.828802"/>
</kw>
<kw name="Sleep" owner="BuiltIn">
<msg time="2024-11-14T16:11:22.772790" level="INFO">Slept 5 seconds.</msg>
<arg>5</arg>
<doc>Pauses the test executed for the given time.</doc>
<status status="PASS" start="2024-11-14T16:11:17.770912" elapsed="5.001878"/>
</kw>
<kw name="Close Browser" owner="SeleniumLibrary">
<doc>Closes the current browser.</doc>
<status status="PASS" start="2024-11-14T16:11:22.772790" elapsed="12.119566"/>
</kw>
<doc>primera prueba del sistema</doc>
<tag>test_uno</tag>
<status status="PASS" start="2024-11-14T16:09:30.669023" elapsed="124.224346"/>
</test>
<doc>Proyecto de pruebas robotframework</doc>
<status status="PASS" start="2024-11-14T16:09:30.001726" elapsed="124.892644"/>
</suite>
<suite id="s1-s5" name="Practicaparalelo5" source="C:\repo\RobotFrameWork\Tests_case3\Practicaparalelo5.robot">
<test id="s1-s5-t1" name="Practica uno" line="12">
<kw name="Open Browser" owner="SeleniumLibrary">
<msg time="2024-11-14T16:09:30.620100" level="INFO">Opening browser 'chrome' to base url 'https://demoqa.com/text-box'.</msg>
<arg>${url}</arg>
<arg>${navegador}</arg>
<doc>Opens a new browser instance to the optional ``url``.</doc>
<status status="PASS" start="2024-11-14T16:09:30.620100" elapsed="91.742462"/>
</kw>
<kw name="Maximize Browser Window" owner="SeleniumLibrary">
<doc>Maximizes current browser window.</doc>
<status status="PASS" start="2024-11-14T16:11:02.363574" elapsed="0.257137"/>
</kw>
<kw name="Sleep" owner="BuiltIn">
<msg time="2024-11-14T16:11:07.623713" level="INFO">Slept 5 seconds.</msg>
<arg>5</arg>
<doc>Pauses the test executed for the given time.</doc>
<status status="PASS" start="2024-11-14T16:11:02.622237" elapsed="5.001476"/>
</kw>
<kw name="Input Text" owner="SeleniumLibrary">
<msg time="2024-11-14T16:11:07.625966" level="INFO">Typing text 'Andres' into text field 'id=userName'.</msg>
<arg>id=userName</arg>
<arg>${nombre}</arg>
<doc>Types the given ``text`` into the text field identified by ``locator``.</doc>
<status status="PASS" start="2024-11-14T16:11:07.623713" elapsed="0.567496"/>
</kw>
<kw name="Input Text" owner="SeleniumLibrary">
<msg time="2024-11-14T16:11:08.192716" level="INFO">Typing text 'andres123@gmail.com' into text field 'id=userEmail'.</msg>
<arg>id=userEmail</arg>
<arg>${email}</arg>
<doc>Types the given ``text`` into the text field identified by ``locator``.</doc>
<status status="PASS" start="2024-11-14T16:11:08.191209" elapsed="0.413918"/>
</kw>
<kw name="Input Text" owner="SeleniumLibrary">
<msg time="2024-11-14T16:11:08.606139" level="INFO">Typing text 'direccion uno' into text field 'id=currentAddress'.</msg>
<arg>id=currentAddress</arg>
<arg>direccion uno</arg>
<doc>Types the given ``text`` into the text field identified by ``locator``.</doc>
<status status="PASS" start="2024-11-14T16:11:08.606139" elapsed="0.317824"/>
</kw>
<kw name="Input Text" owner="SeleniumLibrary">
<msg time="2024-11-14T16:11:08.923963" level="INFO">Typing text 'direccion dos' into text field 'id=permanentAddress'.</msg>
<arg>id=permanentAddress</arg>
<arg>direccion dos</arg>
<doc>Types the given ``text`` into the text field identified by ``locator``.</doc>
<status status="PASS" start="2024-11-14T16:11:08.923963" elapsed="0.320123"/>
</kw>
<kw name="Execute Javascript" owner="SeleniumLibrary">
<msg time="2024-11-14T16:11:09.246597" level="INFO">Executing JavaScript:
window.scrollTo(0,600)
Without any arguments.</msg>
<arg>window.scrollTo(0,600)</arg>
<doc>Executes the given JavaScript code with possible arguments.</doc>
<status status="PASS" start="2024-11-14T16:11:09.245090" elapsed="0.074040"/>
</kw>
<kw name="Sleep" owner="BuiltIn">
<msg time="2024-11-14T16:11:12.320469" level="INFO">Slept 3 seconds.</msg>
<arg>3</arg>
<doc>Pauses the test executed for the given time.</doc>
<status status="PASS" start="2024-11-14T16:11:09.320144" elapsed="3.000325"/>
</kw>
<kw name="Click Button" owner="SeleniumLibrary">
<msg time="2024-11-14T16:11:12.321997" level="INFO">Clicking button 'id=submit'.</msg>
<arg>id=submit</arg>
<doc>Clicks the button identified by ``locator``.</doc>
<status status="PASS" start="2024-11-14T16:11:12.320469" elapsed="0.992179"/>
</kw>
<kw name="Sleep" owner="BuiltIn">
<msg time="2024-11-14T16:11:18.315847" level="INFO">Slept 5 seconds.</msg>
<arg>5</arg>
<doc>Pauses the test executed for the given time.</doc>
<status status="PASS" start="2024-11-14T16:11:13.313660" elapsed="5.002187"/>
</kw>
<kw name="Close Browser" owner="SeleniumLibrary">
<doc>Closes the current browser.</doc>
<status status="PASS" start="2024-11-14T16:11:18.316843" elapsed="13.221519"/>
</kw>
<doc>primera prueba del sistema</doc>
<tag>test_uno</tag>
<status status="PASS" start="2024-11-14T16:09:30.619100" elapsed="120.919262"/>
</test>
<doc>Proyecto de pruebas robotframework</doc>
<status status="PASS" start="2024-11-14T16:09:29.927832" elapsed="121.612041"/>
</suite>
<doc>[https://pabot.org/?ref=log|Pabot] result from 5 executions.</doc>
<status status="PASS" start="2024-11-14T16:09:29.821000" elapsed="127.352951"/>
</suite>
<statistics>
<total>
<stat pass="5" fail="0" skip="0">All Tests</stat>
</total>
<tag>
<stat pass="5" fail="0" skip="0">test_uno</stat>
</tag>
<suite>
<stat pass="5" fail="0" skip="0" id="s1" name="Suites">Suites</stat>
<stat pass="1" fail="0" skip="0" id="s1-s1" name="Practicaparalelo1">Suites.Practicaparalelo1</stat>
<stat pass="1" fail="0" skip="0" id="s1-s2" name="Practicaparalelo2">Suites.Practicaparalelo2</stat>
<stat pass="1" fail="0" skip="0" id="s1-s3" name="Practicaparalelo3">Suites.Practicaparalelo3</stat>
<stat pass="1" fail="0" skip="0" id="s1-s4" name="Practicaparalelo4">Suites.Practicaparalelo4</stat>
<stat pass="1" fail="0" skip="0" id="s1-s5" name="Practicaparalelo5">Suites.Practicaparalelo5</stat>
</suite>
</statistics>
<errors>
</errors>
</robot>
