<?xml version="1.0" encoding="UTF-8"?>
<robot generator="Robot 7.0 (Python 3.12.3 on win32)" generated="2024-06-07T17:08:22.100642" rpa="false" schemaversion="5">
<suite id="s1" name="Radio button" source="C:\Users\af.castillo\PycharmProjects\udemyProject\Tests\Radio_button.robot">
<test id="s1-t1" name="Demo radio button" line="17">
<kw name="Open Browser" owner="SeleniumLibrary">
<msg time="2024-06-07T17:08:22.919265" level="INFO">Opening browser 'chrome' to base url 'https://qa-automation-practice.netlify.app/radiobuttons'.</msg>
<arg>${url}</arg>
<arg>${browser}</arg>
<doc>Opens a new browser instance to the optional ``url``.</doc>
<status status="PASS" start="2024-06-07T17:08:22.918661" elapsed="11.265718"/>
</kw>
<kw name="Maximize Browser Window" owner="SeleniumLibrary">
<doc>Maximizes current browser window.</doc>
<status status="PASS" start="2024-06-07T17:08:34.188999" elapsed="0.163454"/>
</kw>
<kw name="Set Selenium Implicit Wait" owner="SeleniumLibrary">
<arg>10</arg>
<doc>Sets the implicit wait value used by Selenium.</doc>
<status status="PASS" start="2024-06-07T17:08:34.372025" elapsed="0.007994"/>
</kw>
<kw name="Title Should Be" owner="SeleniumLibrary">
<msg time="2024-06-07T17:08:34.448164" level="INFO">Page title is 'QA Practice | Learn with RV'.</msg>
<arg>QA Practice | Learn with RV</arg>
<doc>Verifies that the current page title equals ``title``.</doc>
<status status="PASS" start="2024-06-07T17:08:34.386020" elapsed="0.063145"/>
</kw>
<kw name="Select Radio Button" owner="SeleniumLibrary">
<msg time="2024-06-07T17:08:34.453519" level="INFO">Selecting 'radio-button1' from radio button 'materialExampleRadios'.</msg>
<arg>materialExampleRadios</arg>
<arg>radio-button1</arg>
<doc>Sets the radio button group ``group_name`` to ``value``.</doc>
<status status="PASS" start="2024-06-07T17:08:34.451486" elapsed="0.404380"/>
</kw>
<kw name="Select Radio Button" owner="SeleniumLibrary">
<msg time="2024-06-07T17:08:34.868097" level="INFO">Selecting 'radio-button3' from radio button 'materialExampleRadios'.</msg>
<arg>materialExampleRadios</arg>
<arg>radio-button3</arg>
<doc>Sets the radio button group ``group_name`` to ``value``.</doc>
<status status="PASS" start="2024-06-07T17:08:34.867094" elapsed="0.321756"/>
</kw>
<kw name="Select Radio Button" owner="SeleniumLibrary">
<msg time="2024-06-07T17:08:35.191879" level="INFO">Selecting 'radio-button2' from radio button 'materialExampleRadios'.</msg>
<arg>materialExampleRadios</arg>
<arg>radio-button2</arg>
<doc>Sets the radio button group ``group_name`` to ``value``.</doc>
<status status="PASS" start="2024-06-07T17:08:35.190880" elapsed="0.259646"/>
</kw>
<kw name="Click Button" owner="SeleniumLibrary">
<msg time="2024-06-07T17:08:35.454524" level="INFO">Clicking button '//*[@id='radio-button3']'.</msg>
<arg>//*[@id='radio-button3']</arg>
<doc>Clicks the button identified by ``locator``.</doc>
<status status="PASS" start="2024-06-07T17:08:35.452521" elapsed="0.286379"/>
</kw>
<kw name="Close Browser" owner="SeleniumLibrary">
<doc>Closes the current browser.</doc>
<status status="PASS" start="2024-06-07T17:08:35.740892" elapsed="4.368663"/>
</kw>
<doc>Pruebas de radio button</doc>
<tag>test_uno</tag>
<status status="PASS" start="2024-06-07T17:08:22.916616" elapsed="17.194450"/>
</test>
<test id="s1-t2" name="Demo checkBox" line="39">
<kw name="Open Browser" owner="SeleniumLibrary">
<msg time="2024-06-07T17:08:40.116145" level="INFO">Opening browser 'chrome' to base url 'https://qa-automation-practice.netlify.app/checkboxes'.</msg>
<arg>${urldos}</arg>
<arg>${browser}</arg>
<doc>Opens a new browser instance to the optional ``url``.</doc>
<status status="PASS" start="2024-06-07T17:08:40.115139" elapsed="10.397252"/>
</kw>
<kw name="Maximize Browser Window" owner="SeleniumLibrary">
<doc>Maximizes current browser window.</doc>
<status status="PASS" start="2024-06-07T17:08:50.514503" elapsed="0.083480"/>
</kw>
<kw name="Set Selenium Implicit Wait" owner="SeleniumLibrary">
<arg>10</arg>
<doc>Sets the implicit wait value used by Selenium.</doc>
<status status="PASS" start="2024-06-07T17:08:50.600643" elapsed="0.006058"/>
</kw>
<kw name="Title Should Be" owner="SeleniumLibrary">
<msg time="2024-06-07T17:08:50.643522" level="INFO">Page title is 'QA Practice | Learn with RV'.</msg>
<arg>QA Practice | Learn with RV</arg>
<doc>Verifies that the current page title equals ``title``.</doc>
<status status="PASS" start="2024-06-07T17:08:50.608045" elapsed="0.036526"/>
</kw>
<kw name="Click Button" owner="SeleniumLibrary">
<msg time="2024-06-07T17:08:50.646556" level="INFO">Clicking button '//*[@id='checkbox1']'.</msg>
<arg>//*[@id='checkbox1']</arg>
<doc>Clicks the button identified by ``locator``.</doc>
<status status="PASS" start="2024-06-07T17:08:50.645548" elapsed="0.237247"/>
</kw>
<kw name="Click Button" owner="SeleniumLibrary">
<msg time="2024-06-07T17:08:50.884794" level="INFO">Clicking button 'css=#checkbox2'.</msg>
<arg>css=#checkbox2</arg>
<doc>Clicks the button identified by ``locator``.</doc>
<status status="PASS" start="2024-06-07T17:08:50.883796" elapsed="0.205826"/>
</kw>
<kw name="Click Button" owner="SeleniumLibrary">
<msg time="2024-06-07T17:08:51.092034" level="INFO">Clicking button '//*[@id='checkbox3']'.</msg>
<arg>//*[@id='checkbox3']</arg>
<doc>Clicks the button identified by ``locator``.</doc>
<status status="PASS" start="2024-06-07T17:08:51.090619" elapsed="0.189025"/>
</kw>
<kw name="Click Button" owner="SeleniumLibrary">
<msg time="2024-06-07T17:08:51.281157" level="INFO">Clicking button '//*[@class='btn btn-primary']'.</msg>
<arg>//*[@class='btn btn-primary']</arg>
<doc>Clicks the button identified by ``locator``.</doc>
<status status="PASS" start="2024-06-07T17:08:51.281157" elapsed="0.191649"/>
</kw>
<kw name="Close Browser" owner="SeleniumLibrary">
<doc>Closes the current browser.</doc>
<status status="PASS" start="2024-06-07T17:08:51.473809" elapsed="3.476599"/>
</kw>
<doc>Pruebas de checkbox</doc>
<tag>test_dos</tag>
<status status="PASS" start="2024-06-07T17:08:40.113140" elapsed="14.838212"/>
</test>
<test id="s1-t3" name="Demo select combo Box (dropdown)" line="59">
<kw name="Open Browser" owner="SeleniumLibrary">
<msg time="2024-06-07T17:08:54.953347" level="INFO">Opening browser 'chrome' to base url 'https://qa-automation-practice.netlify.app/dropdowns'.</msg>
<arg>${urltres}</arg>
<arg>${browser}</arg>
<doc>Opens a new browser instance to the optional ``url``.</doc>
<status status="PASS" start="2024-06-07T17:08:54.953347" elapsed="6.550438"/>
</kw>
<kw name="Maximize Browser Window" owner="SeleniumLibrary">
<doc>Maximizes current browser window.</doc>
<status status="PASS" start="2024-06-07T17:09:01.505155" elapsed="0.155889"/>
</kw>
<kw name="Set Selenium Implicit Wait" owner="SeleniumLibrary">
<arg>10</arg>
<doc>Sets the implicit wait value used by Selenium.</doc>
<status status="PASS" start="2024-06-07T17:09:01.663095" elapsed="0.010570"/>
</kw>
<kw name="Title Should Be" owner="SeleniumLibrary">
<msg time="2024-06-07T17:09:01.705675" level="INFO">Page title is 'QA Practice | Learn with RV'.</msg>
<arg>QA Practice | Learn with RV</arg>
<doc>Verifies that the current page title equals ``title``.</doc>
<status status="PASS" start="2024-06-07T17:09:01.676662" elapsed="0.029013"/>
</kw>
<kw name="Select From List By Index" owner="SeleniumLibrary">
<msg time="2024-06-07T17:09:01.708682" level="INFO">Selecting options from selection list 'dropdown-menu' by index 20.</msg>
<arg>dropdown-menu</arg>
<arg>20</arg>
<doc>Selects options from selection list ``locator`` by ``indexes``.</doc>
<status status="PASS" start="2024-06-07T17:09:01.708682" elapsed="0.976338"/>
</kw>
<kw name="Click Button" owner="SeleniumLibrary">
<msg time="2024-06-07T17:09:02.687590" level="INFO">Clicking button 'id=multi-level-dropdown-btn'.</msg>
<arg>id=multi-level-dropdown-btn</arg>
<doc>Clicks the button identified by ``locator``.</doc>
<status status="PASS" start="2024-06-07T17:09:02.686681" elapsed="0.257663"/>
</kw>
<kw name="Execute Javascript" owner="SeleniumLibrary">
<msg time="2024-06-07T17:09:02.946337" level="INFO">Executing JavaScript:
window.scrollTo(0,200)
Without any arguments.</msg>
<arg>window.scrollTo(0,200)</arg>
<doc>Executes the given JavaScript code with possible arguments.</doc>
<status status="PASS" start="2024-06-07T17:09:02.945332" elapsed="0.019859"/>
</kw>
<kw name="Sleep" owner="BuiltIn">
<msg time="2024-06-07T17:09:07.967835" level="INFO">Slept 5 seconds.</msg>
<arg>5</arg>
<doc>Pauses the test executed for the given time.</doc>
<status status="PASS" start="2024-06-07T17:09:02.966197" elapsed="5.001638"/>
</kw>
<kw name="Mouse Over" owner="SeleniumLibrary">
<msg time="2024-06-07T17:09:07.968854" level="INFO">Simulating Mouse Over on element '//a[contains(text(),'Hover me for more options')]'.</msg>
<arg>//a[contains(text(),'Hover me for more options')]</arg>
<doc>Simulates hovering the mouse over the element ``locator``.</doc>
<status status="PASS" start="2024-06-07T17:09:07.968854" elapsed="0.290335"/>
</kw>
<kw name="Mouse Over" owner="SeleniumLibrary">
<msg time="2024-06-07T17:09:08.260700" level="INFO">Simulating Mouse Over on element '//a[contains(text(),'Even More..')]'.</msg>
<arg>//a[contains(text(),'Even More..')]</arg>
<doc>Simulates hovering the mouse over the element ``locator``.</doc>
<status status="PASS" start="2024-06-07T17:09:08.260187" elapsed="0.311431"/>
</kw>
<kw name="Mouse Over" owner="SeleniumLibrary">
<msg time="2024-06-07T17:09:08.574643" level="INFO">Simulating Mouse Over on element '//a[contains(text(),'another level')]'.</msg>
<arg>//a[contains(text(),'another level')]</arg>
<doc>Simulates hovering the mouse over the element ``locator``.</doc>
<status status="PASS" start="2024-06-07T17:09:08.572633" elapsed="0.325849"/>
</kw>
<kw name="Element Should Be Visible" owner="SeleniumLibrary">
<msg time="2024-06-07T17:09:08.987141" level="INFO">Element '//a[@href='#4th-level-1']' is displayed.</msg>
<arg>//a[@href='#4th-level-1']</arg>
<doc>Verifies that the element identified by ``locator`` is visible.</doc>
<status status="PASS" start="2024-06-07T17:09:08.901441" elapsed="0.085700"/>
</kw>
<kw name="Element Should Be Visible" owner="SeleniumLibrary">
<msg time="2024-06-07T17:09:09.079464" level="INFO">Element '//a[@href='#4th-level-2']' is displayed.</msg>
<arg>//a[@href='#4th-level-2']</arg>
<doc>Verifies that the element identified by ``locator`` is visible.</doc>
<status status="PASS" start="2024-06-07T17:09:09.001279" elapsed="0.078185"/>
</kw>
<kw name="Element Should Be Visible" owner="SeleniumLibrary">
<msg time="2024-06-07T17:09:09.138698" level="INFO">Element '//a[@href='#4th-level-3']' is displayed.</msg>
<arg>//a[@href='#4th-level-3']</arg>
<doc>Verifies that the element identified by ``locator`` is visible.</doc>
<status status="PASS" start="2024-06-07T17:09:09.080981" elapsed="0.057717"/>
</kw>
<kw name="Close Browser" owner="SeleniumLibrary">
<doc>Closes the current browser.</doc>
<status status="PASS" start="2024-06-07T17:09:09.141253" elapsed="5.192478"/>
</kw>
<doc>Pruebas de combo box</doc>
<tag>test_tres</tag>
<status status="PASS" start="2024-06-07T17:08:54.952347" elapsed="19.382377"/>
</test>
<doc>Demo de las Varibles</doc>
<status status="PASS" start="2024-06-07T17:08:22.104706" elapsed="52.231929"/>
</suite>
<statistics>
<total>
<stat pass="3" fail="0" skip="0">All Tests</stat>
</total>
<tag>
<stat pass="1" fail="0" skip="0">test_dos</stat>
<stat pass="1" fail="0" skip="0">test_tres</stat>
<stat pass="1" fail="0" skip="0">test_uno</stat>
</tag>
<suite>
<stat pass="3" fail="0" skip="0" id="s1" name="Radio button">Radio button</stat>
</suite>
</statistics>
<errors>
</errors>
</robot>
