<?xml version="1.0" encoding="UTF-8"?>
<robot generator="Robot 7.0 (Python 3.12.3 on win32)" generated="2024-06-07T00:02:48.942628" rpa="false" schemaversion="5">
<suite id="s1" name="Radio button" source="C:\Users\af.castillo\PycharmProjects\udemyProject\Tests\Radio_button.robot">
<test id="s1-t1" name="Demo radio button" line="14">
<kw name="Open Browser" owner="SeleniumLibrary">
<msg time="2024-06-07T00:02:49.275632" level="INFO">Opening browser 'chrome' to base url 'https://qa-automation-practice.netlify.app/radiobuttons'.</msg>
<arg>${url}</arg>
<arg>${browser}</arg>
<doc>Opens a new browser instance to the optional ``url``.</doc>
<status status="PASS" start="2024-06-07T00:02:49.275632" elapsed="3.177682"/>
</kw>
<kw name="Sleep" owner="BuiltIn">
<msg time="2024-06-07T00:02:54.454394" level="INFO">Slept 2 seconds.</msg>
<arg>${t}</arg>
<doc>Pauses the test executed for the given time.</doc>
<status status="PASS" start="2024-06-07T00:02:52.453314" elapsed="2.001080"/>
</kw>
<kw name="Title Should Be" owner="SeleniumLibrary">
<msg time="2024-06-07T00:02:54.458515" level="INFO">Page title is 'QA Practice | Learn with RV'.</msg>
<arg>QA Practice | Learn with RV</arg>
<doc>Verifies that the current page title equals ``title``.</doc>
<status status="PASS" start="2024-06-07T00:02:54.454394" elapsed="0.004121"/>
</kw>
<kw name="Sleep" owner="BuiltIn">
<msg time="2024-06-07T00:02:56.459014" level="INFO">Slept 2 seconds.</msg>
<arg>${t}</arg>
<doc>Pauses the test executed for the given time.</doc>
<status status="PASS" start="2024-06-07T00:02:54.458515" elapsed="2.000499"/>
</kw>
<kw name="Select Radio Button" owner="SeleniumLibrary">
<msg time="2024-06-07T00:02:56.459014" level="INFO">Selecting 'radio-button1' from radio button 'materialExampleRadios'.</msg>
<arg>materialExampleRadios</arg>
<arg>radio-button1</arg>
<doc>Sets the radio button group ``group_name`` to ``value``.</doc>
<status status="PASS" start="2024-06-07T00:02:56.459014" elapsed="0.059028"/>
</kw>
<kw name="Sleep" owner="BuiltIn">
<msg time="2024-06-07T00:02:58.518694" level="INFO">Slept 2 seconds.</msg>
<arg>${t}</arg>
<doc>Pauses the test executed for the given time.</doc>
<status status="PASS" start="2024-06-07T00:02:56.518042" elapsed="2.000652"/>
</kw>
<kw name="Select Radio Button" owner="SeleniumLibrary">
<msg time="2024-06-07T00:02:58.519710" level="INFO">Selecting 'radio-button3' from radio button 'materialExampleRadios'.</msg>
<arg>materialExampleRadios</arg>
<arg>radio-button3</arg>
<doc>Sets the radio button group ``group_name`` to ``value``.</doc>
<status status="PASS" start="2024-06-07T00:02:58.519710" elapsed="0.046060"/>
</kw>
<kw name="Sleep" owner="BuiltIn">
<msg time="2024-06-07T00:03:00.566271" level="INFO">Slept 2 seconds.</msg>
<arg>${t}</arg>
<doc>Pauses the test executed for the given time.</doc>
<status status="PASS" start="2024-06-07T00:02:58.565770" elapsed="2.000501"/>
</kw>
<kw name="Select Radio Button" owner="SeleniumLibrary">
<msg time="2024-06-07T00:03:00.566779" level="INFO">Selecting 'radio-button2' from radio button 'materialExampleRadios'.</msg>
<arg>materialExampleRadios</arg>
<arg>radio-button2</arg>
<doc>Sets the radio button group ``group_name`` to ``value``.</doc>
<status status="PASS" start="2024-06-07T00:03:00.566779" elapsed="0.043956"/>
</kw>
<kw name="Click Button" owner="SeleniumLibrary">
<msg time="2024-06-07T00:03:00.611734" level="INFO">Clicking button '//*[@id='radio-button3']'.</msg>
<arg>//*[@id='radio-button3']</arg>
<doc>Clicks the button identified by ``locator``.</doc>
<status status="PASS" start="2024-06-07T00:03:00.610735" elapsed="0.033018"/>
</kw>
<doc>Pruebas de radio button</doc>
<tag>test_uno</tag>
<status status="PASS" start="2024-06-07T00:02:49.275632" elapsed="11.368121"/>
</test>
<doc>Demo de las Varibles</doc>
<status status="PASS" start="2024-06-07T00:02:48.942628" elapsed="11.701125"/>
</suite>
<statistics>
<total>
<stat pass="1" fail="0" skip="0">All Tests</stat>
</total>
<tag>
<stat pass="1" fail="0" skip="0">test_uno</stat>
</tag>
<suite>
<stat pass="1" fail="0" skip="0" id="s1" name="Radio button">Radio button</stat>
</suite>
</statistics>
<errors>
</errors>
</robot>
