<?xml version="1.0" encoding="UTF-8"?>
<robot generator="Robot 7.0 (Python 3.12.3 on win32)" generated="2024-06-05T22:33:10.633020" rpa="false" schemaversion="5">
<suite id="s1" name="Test uno" source="C:\Users\af.castillo\PycharmProjects\udemyProject\Tests\Test_uno.robot">
<test id="s1-t1" name="Mi primer test success" line="8">
<kw name="Open Browser" owner="SeleniumLibrary">
<msg time="2024-06-05T22:33:12.224796" level="INFO">Opening browser 'chrome' to base url 'https://demoqa.com/text-box'.</msg>
<arg>https://demoqa.com/text-box</arg>
<arg>chrome</arg>
<doc>Opens a new browser instance to the optional ``url``.</doc>
<status status="PASS" start="2024-06-05T22:33:12.223775" elapsed="24.749344"/>
</kw>
<kw name="Maximize Browser Window" owner="SeleniumLibrary">
<doc>Maximizes current browser window.</doc>
<status status="PASS" start="2024-06-05T22:33:36.976337" elapsed="0.111806"/>
</kw>
<kw name="Sleep" owner="BuiltIn">
<msg time="2024-06-05T22:33:42.092661" level="INFO">Slept 5 seconds.</msg>
<arg>5</arg>
<doc>Pauses the test executed for the given time.</doc>
<status status="PASS" start="2024-06-05T22:33:37.091323" elapsed="5.001850"/>
</kw>
<kw name="Input Text" owner="SeleniumLibrary">
<msg time="2024-06-05T22:33:42.095724" level="INFO">Typing text 'Andres' into text field 'id=userName'.</msg>
<arg>id=userName</arg>
<arg>Andres</arg>
<doc>Types the given ``text`` into the text field identified by ``locator``.</doc>
<status status="PASS" start="2024-06-05T22:33:42.093685" elapsed="0.447240"/>
</kw>
<kw name="Input Text" owner="SeleniumLibrary">
<msg time="2024-06-05T22:33:42.546342" level="INFO">Typing text 'andres123@gmail.com' into text field 'id=userEmail'.</msg>
<arg>id=userEmail</arg>
<arg>andres123@gmail.com</arg>
<doc>Types the given ``text`` into the text field identified by ``locator``.</doc>
<status status="PASS" start="2024-06-05T22:33:42.545344" elapsed="0.524858"/>
</kw>
<kw name="Input Text" owner="SeleniumLibrary">
<msg time="2024-06-05T22:33:43.073860" level="INFO">Typing text 'direccion uno' into text field 'id=currentAddress'.</msg>
<arg>id=currentAddress</arg>
<arg>direccion uno</arg>
<doc>Types the given ``text`` into the text field identified by ``locator``.</doc>
<status status="PASS" start="2024-06-05T22:33:43.072840" elapsed="0.615512"/>
</kw>
<kw name="Input Text" owner="SeleniumLibrary">
<msg time="2024-06-05T22:33:43.691248" level="INFO">Typing text 'direccion dos' into text field 'id=permanentAddress'.</msg>
<arg>id=permanentAddress</arg>
<arg>direccion dos</arg>
<doc>Types the given ``text`` into the text field identified by ``locator``.</doc>
<status status="PASS" start="2024-06-05T22:33:43.689936" elapsed="0.687336"/>
</kw>
<kw name="Execute Javascript" owner="SeleniumLibrary">
<msg time="2024-06-05T22:33:44.381818" level="INFO">Executing JavaScript:
window.scrollTo(0,600)
Without any arguments.</msg>
<arg>window.scrollTo(0,600)</arg>
<doc>Executes the given JavaScript code with possible arguments.</doc>
<status status="PASS" start="2024-06-05T22:33:44.379267" elapsed="0.073458"/>
</kw>
<kw name="Sleep" owner="BuiltIn">
<msg time="2024-06-05T22:33:47.455009" level="INFO">Slept 3 seconds.</msg>
<arg>3</arg>
<doc>Pauses the test executed for the given time.</doc>
<status status="PASS" start="2024-06-05T22:33:44.453754" elapsed="3.001772"/>
</kw>
<kw name="Click Button" owner="SeleniumLibrary">
<msg time="2024-06-05T22:33:47.462115" level="INFO">Clicking button 'id=submit'.</msg>
<arg>id=submit</arg>
<doc>Clicks the button identified by ``locator``.</doc>
<status status="PASS" start="2024-06-05T22:33:47.459553" elapsed="0.543223"/>
</kw>
<kw name="Sleep" owner="BuiltIn">
<msg time="2024-06-05T22:33:53.007011" level="INFO">Slept 5 seconds.</msg>
<arg>5</arg>
<doc>Pauses the test executed for the given time.</doc>
<status status="PASS" start="2024-06-05T22:33:48.005796" elapsed="5.001215"/>
</kw>
<kw name="Close Browser" owner="SeleniumLibrary">
<doc>Closes the current browser.</doc>
<status status="PASS" start="2024-06-05T22:33:53.013619" elapsed="4.819376"/>
</kw>
<doc>primera prueba del sistema</doc>
<tag>test_uno</tag>
<status status="PASS" start="2024-06-05T22:33:12.219793" elapsed="45.613202"/>
</test>
<test id="s1-t2" name="Mi segundo test failed" line="25">
<kw name="Open Browser" owner="SeleniumLibrary">
<msg time="2024-06-05T22:33:57.832995" level="INFO">Opening browser 'chrome' to base url 'https://demoqa.com/text-box'.</msg>
<arg>https://demoqa.com/text-box</arg>
<arg>chrome</arg>
<doc>Opens a new browser instance to the optional ``url``.</doc>
<status status="PASS" start="2024-06-05T22:33:57.832995" elapsed="8.816057"/>
</kw>
<kw name="Maximize Browser Window" owner="SeleniumLibrary">
<doc>Maximizes current browser window.</doc>
<status status="PASS" start="2024-06-05T22:34:07.039152" elapsed="20.657791"/>
</kw>
<kw name="Sleep" owner="BuiltIn">
<msg time="2024-06-05T22:34:32.963738" level="INFO">Slept 5 seconds.</msg>
<arg>5</arg>
<doc>Pauses the test executed for the given time.</doc>
<status status="PASS" start="2024-06-05T22:34:27.962898" elapsed="5.000840"/>
</kw>
<kw name="Input Text" owner="SeleniumLibrary">
<msg time="2024-06-05T22:34:32.966833" level="INFO">Typing text 'Andres' into text field 'id=userName'.</msg>
<arg>id=userName</arg>
<arg>Andres</arg>
<doc>Types the given ``text`` into the text field identified by ``locator``.</doc>
<status status="PASS" start="2024-06-05T22:34:32.965796" elapsed="0.402582"/>
</kw>
<kw name="Input Text" owner="SeleniumLibrary">
<msg time="2024-06-05T22:34:33.370983" level="INFO">Typing text 'andres123@gmail.com' into text field 'id=userEmail'.</msg>
<arg>id=userEmail</arg>
<arg>andres123@gmail.com</arg>
<doc>Types the given ``text`` into the text field identified by ``locator``.</doc>
<status status="PASS" start="2024-06-05T22:34:33.369387" elapsed="0.510119"/>
</kw>
<kw name="Input Text" owner="SeleniumLibrary">
<msg time="2024-06-05T22:34:33.924621" level="INFO">Typing text 'direccion uno' into text field 'id=currentAddress'.</msg>
<arg>id=currentAddress</arg>
<arg>direccion uno</arg>
<doc>Types the given ``text`` into the text field identified by ``locator``.</doc>
<status status="PASS" start="2024-06-05T22:34:33.923080" elapsed="0.608916"/>
</kw>
<kw name="Input Text" owner="SeleniumLibrary">
<msg time="2024-06-05T22:34:34.554869" level="INFO">Typing text 'direccion dos' into text field 'id=permanentAddress'.</msg>
<arg>id=permanentAddress</arg>
<arg>direccion dos</arg>
<doc>Types the given ``text`` into the text field identified by ``locator``.</doc>
<status status="PASS" start="2024-06-05T22:34:34.550076" elapsed="0.851002"/>
</kw>
<kw name="Click Button" owner="SeleniumLibrary">
<msg time="2024-06-05T22:34:35.495664" level="INFO">Clicking button 'id=submit'.</msg>
<msg time="2024-06-05T22:34:38.185042" level="INFO" html="true">&lt;/td&gt;&lt;/tr&gt;&lt;tr&gt;&lt;td colspan="3"&gt;&lt;a href="selenium-screenshot-2.png"&gt;&lt;img src="selenium-screenshot-2.png" width="800px"&gt;&lt;/a&gt;</msg>
<msg time="2024-06-05T22:34:38.186053" level="FAIL">ElementClickInterceptedException: Message: element click intercepted: Element &lt;button id="submit" type="button" class="btn btn-primary"&gt;...&lt;/button&gt; is not clickable at point (890, 498). Other element would receive the click: &lt;iframe id="google_ads_iframe_/21849154601,22343295815/Ad.Plus-Anchor_0" name="google_ads_iframe_/21849154601,22343295815/Ad.Plus-Anchor_0" title="3rd party ad content" width="809" height="100" scrolling="no" marginwidth="0" marginheight="0" frameborder="0" aria-label="Advertisement" tabindex="0" allow="attribution-reporting" data-load-complete="true" style="border: 0px; vertical-align: bottom;" data-google-container-id="1"&gt;&lt;/iframe&gt;
  (Session info: chrome=125.0.6422.142)
Stacktrace:
	GetHandleVerifier [0x00007FF756151F52+60322]
	(No symbol) [0x00007FF7560CCEC9]
	(No symbol) [0x00007FF755F87EBA]
	(No symbol) [0x00007FF755FDF32E]
	(No symbol) [0x00007FF755FDCCF2]
	(No symbol) [0x00007FF755FDA18B]
	(No symbol) [0x00007FF755FD9356]
	(No symbol) [0x00007FF755FCB491]
	(No symbol) [0x00007FF755FFC21A]
	(No symbol) [0x00007FF755FCADB6]
	(No symbol) [0x00007FF755FFC430]
	(No symbol) [0x00007FF75601BC80]
	(No symbol) [0x00007FF755FFBFC3]
	(No symbol) [0x00007FF755FC9617]
	(No symbol) [0x00007FF755FCA211]
	GetHandleVerifier [0x00007FF7564694AD+3301629]
	GetHandleVerifier [0x00007FF7564B36D3+3605283]
	GetHandleVerifier [0x00007FF7564A9450+3563680]
	GetHandleVerifier [0x00007FF756204326+790390]
	(No symbol) [0x00007FF7560D750F]
	(No symbol) [0x00007FF7560D3404]
	(No symbol) [0x00007FF7560D3592]
	(No symbol) [0x00007FF7560C2F9F]
	BaseThreadInitThunk [0x00007FFA8325257D+29]
	RtlUserThreadStart [0x00007FFA8526AA48+40]
</msg>
<arg>id=submit</arg>
<doc>Clicks the button identified by ``locator``.</doc>
<status status="FAIL" start="2024-06-05T22:34:35.494628" elapsed="2.874785">ElementClickInterceptedException: Message: element click intercepted: Element &lt;button id="submit" type="button" class="btn btn-primary"&gt;...&lt;/button&gt; is not clickable at point (890, 498). Other element would receive the click: &lt;iframe id="google_ads_iframe_/21849154601,22343295815/Ad.Plus-Anchor_0" name="google_ads_iframe_/21849154601,22343295815/Ad.Plus-Anchor_0" title="3rd party ad content" width="809" height="100" scrolling="no" marginwidth="0" marginheight="0" frameborder="0" aria-label="Advertisement" tabindex="0" allow="attribution-reporting" data-load-complete="true" style="border: 0px; vertical-align: bottom;" data-google-container-id="1"&gt;&lt;/iframe&gt;
  (Session info: chrome=125.0.6422.142)
Stacktrace:
	GetHandleVerifier [0x00007FF756151F52+60322]
	(No symbol) [0x00007FF7560CCEC9]
	(No symbol) [0x00007FF755F87EBA]
	(No symbol) [0x00007FF755FDF32E]
	(No symbol) [0x00007FF755FDCCF2]
	(No symbol) [0x00007FF755FDA18B]
	(No symbol) [0x00007FF755FD9356]
	(No symbol) [0x00007FF755FCB491]
	(No symbol) [0x00007FF755FFC21A]
	(No symbol) [0x00007FF755FCADB6]
	(No symbol) [0x00007FF755FFC430]
	(No symbol) [0x00007FF75601BC80]
	(No symbol) [0x00007FF755FFBFC3]
	(No symbol) [0x00007FF755FC9617]
	(No symbol) [0x00007FF755FCA211]
	GetHandleVerifier [0x00007FF7564694AD+3301629]
	GetHandleVerifier [0x00007FF7564B36D3+3605283]
	GetHandleVerifier [0x00007FF7564A9450+3563680]
	GetHandleVerifier [0x00007FF756204326+790390]
	(No symbol) [0x00007FF7560D750F]
	(No symbol) [0x00007FF7560D3404]
	(No symbol) [0x00007FF7560D3592]
	(No symbol) [0x00007FF7560C2F9F]
	BaseThreadInitThunk [0x00007FFA8325257D+29]
	RtlUserThreadStart [0x00007FFA8526AA48+40]
</status>
</kw>
<kw name="Sleep" owner="BuiltIn">
<arg>5</arg>
<doc>Pauses the test executed for the given time.</doc>
<status status="NOT RUN" start="2024-06-05T22:34:38.419537" elapsed="0.000000"/>
</kw>
<kw name="Close Browser" owner="SeleniumLibrary">
<doc>Closes the current browser.</doc>
<status status="NOT RUN" start="2024-06-05T22:34:38.454943" elapsed="0.000000"/>
</kw>
<doc>segunda prueba del sistema</doc>
<tag>test_dos</tag>
<status status="FAIL" start="2024-06-05T22:33:57.832995" elapsed="40.650849">ElementClickInterceptedException: Message: element click intercepted: Element &lt;button id="submit" type="button" class="btn btn-primary"&gt;...&lt;/button&gt; is not clickable at point (890, 498). Other element would receive the click: &lt;iframe id="google_ads_iframe_/21849154601,22343295815/Ad.Plus-Anchor_0" name="google_ads_iframe_/21849154601,22343295815/Ad.Plus-Anchor_0" title="3rd party ad content" width="809" height="100" scrolling="no" marginwidth="0" marginheight="0" frameborder="0" aria-label="Advertisement" tabindex="0" allow="attribution-reporting" data-load-complete="true" style="border: 0px; vertical-align: bottom;" data-google-container-id="1"&gt;&lt;/iframe&gt;
  (Session info: chrome=125.0.6422.142)
Stacktrace:
	GetHandleVerifier [0x00007FF756151F52+60322]
	(No symbol) [0x00007FF7560CCEC9]
	(No symbol) [0x00007FF755F87EBA]
	(No symbol) [0x00007FF755FDF32E]
	(No symbol) [0x00007FF755FDCCF2]
	(No symbol) [0x00007FF755FDA18B]
	(No symbol) [0x00007FF755FD9356]
	(No symbol) [0x00007FF755FCB491]
	(No symbol) [0x00007FF755FFC21A]
	(No symbol) [0x00007FF755FCADB6]
	(No symbol) [0x00007FF755FFC430]
	(No symbol) [0x00007FF75601BC80]
	(No symbol) [0x00007FF755FFBFC3]
	(No symbol) [0x00007FF755FC9617]
	(No symbol) [0x00007FF755FCA211]
	GetHandleVerifier [0x00007FF7564694AD+3301629]
	GetHandleVerifier [0x00007FF7564B36D3+3605283]
	GetHandleVerifier [0x00007FF7564A9450+3563680]
	GetHandleVerifier [0x00007FF756204326+790390]
	(No symbol) [0x00007FF7560D750F]
	(No symbol) [0x00007FF7560D3404]
	(No symbol) [0x00007FF7560D3592]
	(No symbol) [0x00007FF7560C2F9F]
	BaseThreadInitThunk [0x00007FFA8325257D+29]
	RtlUserThreadStart [0x00007FFA8526AA48+40]
</status>
</test>
<doc>Proyecto de pruebas robotframework</doc>
<status status="FAIL" start="2024-06-05T22:33:10.642588" elapsed="88.089272"/>
</suite>
<statistics>
<total>
<stat pass="1" fail="1" skip="0">All Tests</stat>
</total>
<tag>
<stat pass="0" fail="1" skip="0">test_dos</stat>
<stat pass="1" fail="0" skip="0">test_uno</stat>
</tag>
<suite>
<stat pass="1" fail="1" skip="0" id="s1" name="Test uno">Test uno</stat>
</suite>
</statistics>
<errors>
</errors>
</robot>
